Determining if the pthread_create exist failed with the following output:
Change Dir: /home/nvidia/sdc-ernie/build/CMakeFiles/CMakeTmp

Run Build Command:"/usr/bin/make" "cmTC_bace3/fast"
/usr/bin/make -f CMakeFiles/cmTC_bace3.dir/build.make CMakeFiles/cmTC_bace3.dir/build
make[1]: Entering directory '/home/nvidia/sdc-ernie/build/CMakeFiles/CMakeTmp'
Building C object CMakeFiles/cmTC_bace3.dir/CheckSymbolExists.c.o
/usr/bin/cc     -o CMakeFiles/cmTC_bace3.dir/CheckSymbolExists.c.o   -c /home/nvidia/sdc-ernie/build/CMakeFiles/CMakeTmp/CheckSymbolExists.c
Linking C executable cmTC_bace3
/usr/bin/cmake -E cmake_link_script CMakeFiles/cmTC_bace3.dir/link.txt --verbose=1
/usr/bin/cc       CMakeFiles/cmTC_bace3.dir/CheckSymbolExists.c.o  -o cmTC_bace3 -rdynamic 
CMakeFiles/cmTC_bace3.dir/CheckSymbolExists.c.o: In function `main':
CheckSymbolExists.c:(.text+0x14): undefined reference to `pthread_create'
CheckSymbolExists.c:(.text+0x18): undefined reference to `pthread_create'
collect2: error: ld returned 1 exit status
CMakeFiles/cmTC_bace3.dir/build.make:97: recipe for target 'cmTC_bace3' failed
make[1]: *** [cmTC_bace3] Error 1
make[1]: Leaving directory '/home/nvidia/sdc-ernie/build/CMakeFiles/CMakeTmp'
Makefile:126: recipe for target 'cmTC_bace3/fast' failed
make: *** [cmTC_bace3/fast] Error 2

File /home/nvidia/sdc-ernie/build/CMakeFiles/CMakeTmp/CheckSymbolExists.c:
/* */
#include <pthread.h>

int main(int argc, char** argv)
{
  (void)argv;
#ifndef pthread_create
  return ((int*)(&pthread_create))[argc];
#else
  (void)argc;
  return 0;
#endif
}

Determining if the function pthread_create exists in the pthreads failed with the following output:
Change Dir: /home/nvidia/sdc-ernie/build/CMakeFiles/CMakeTmp

Run Build Command:"/usr/bin/make" "cmTC_a9ad4/fast"
/usr/bin/make -f CMakeFiles/cmTC_a9ad4.dir/build.make CMakeFiles/cmTC_a9ad4.dir/build
make[1]: Entering directory '/home/nvidia/sdc-ernie/build/CMakeFiles/CMakeTmp'
Building C object CMakeFiles/cmTC_a9ad4.dir/CheckFunctionExists.c.o
/usr/bin/cc    -DCHECK_FUNCTION_EXISTS=pthread_create   -o CMakeFiles/cmTC_a9ad4.dir/CheckFunctionExists.c.o   -c /usr/share/cmake-3.5/Modules/CheckFunctionExists.c
Linking C executable cmTC_a9ad4
/usr/bin/cmake -E cmake_link_script CMakeFiles/cmTC_a9ad4.dir/link.txt --verbose=1
/usr/bin/cc   -DCHECK_FUNCTION_EXISTS=pthread_create    CMakeFiles/cmTC_a9ad4.dir/CheckFunctionExists.c.o  -o cmTC_a9ad4 -rdynamic -lpthreads 
/usr/bin/ld: cannot find -lpthreads
collect2: error: ld returned 1 exit status
CMakeFiles/cmTC_a9ad4.dir/build.make:97: recipe for target 'cmTC_a9ad4' failed
make[1]: *** [cmTC_a9ad4] Error 1
make[1]: Leaving directory '/home/nvidia/sdc-ernie/build/CMakeFiles/CMakeTmp'
Makefile:126: recipe for target 'cmTC_a9ad4/fast' failed
make: *** [cmTC_a9ad4/fast] Error 2


